<?xml version="1.0" encoding="UTF-8"?>
<testng-results skipped="0" failed="0" total="2" passed="2">
  <reporter-output>
  </reporter-output>
  <suite name="Default suite" duration-ms="43" started-at="2015-10-23T22:18:51Z" finished-at="2015-10-23T22:18:51Z">
    <groups>
    </groups>
    <test name="Default test" duration-ms="43" started-at="2015-10-23T22:18:51Z" finished-at="2015-10-23T22:18:51Z">
      <class name="com.nshimiye.bitcoin_java.services.WalletWorkerNGTest">
        <test-method status="PASS" signature="beforeSuite()" name="beforeSuite" is-config="true" duration-ms="15" started-at="2015-10-23T22:18:51Z" finished-at="2015-10-23T22:18:51Z">
        </test-method>
        <test-method status="PASS" signature="beforeTest()" name="beforeTest" is-config="true" duration-ms="0" started-at="2015-10-23T22:18:51Z" finished-at="2015-10-23T22:18:51Z">
        </test-method>
        <test-method status="PASS" signature="beforeClass()" name="beforeClass" is-config="true" duration-ms="0" started-at="2015-10-23T22:18:51Z" finished-at="2015-10-23T22:18:51Z">
        </test-method>
        <test-method status="PASS" signature="f(java.lang.Integer, java.lang.String)" name="f" duration-ms="11" started-at="2015-10-23T22:18:51Z" finished-at="2015-10-23T22:18:51Z">
          <params>
            <param index="0">
              <value>
                <![CDATA[1]]>
              </value>
            </param>
            <param index="1">
              <value>
                <![CDATA[a]]>
              </value>
            </param>
          </params>
        </test-method>
        <test-method status="PASS" signature="beforeMethod()" name="beforeMethod" is-config="true" duration-ms="0" started-at="2015-10-23T22:18:51Z" finished-at="2015-10-23T22:18:51Z">
        </test-method>
        <test-method status="PASS" signature="afterMethod()" name="afterMethod" is-config="true" duration-ms="0" started-at="2015-10-23T22:18:51Z" finished-at="2015-10-23T22:18:51Z">
        </test-method>
        <test-method status="PASS" signature="beforeMethod()" name="beforeMethod" is-config="true" duration-ms="1" started-at="2015-10-23T22:18:51Z" finished-at="2015-10-23T22:18:51Z">
        </test-method>
        <test-method status="PASS" signature="f(java.lang.Integer, java.lang.String)" name="f" duration-ms="1" started-at="2015-10-23T22:18:51Z" finished-at="2015-10-23T22:18:51Z">
          <params>
            <param index="0">
              <value>
                <![CDATA[2]]>
              </value>
            </param>
            <param index="1">
              <value>
                <![CDATA[b]]>
              </value>
            </param>
          </params>
        </test-method>
        <test-method status="PASS" signature="afterMethod()" name="afterMethod" is-config="true" duration-ms="0" started-at="2015-10-23T22:18:51Z" finished-at="2015-10-23T22:18:51Z">
        </test-method>
        <test-method status="PASS" signature="afterClass()" name="afterClass" is-config="true" duration-ms="1" started-at="2015-10-23T22:18:51Z" finished-at="2015-10-23T22:18:51Z">
        </test-method>
        <test-method status="PASS" signature="afterTest()" name="afterTest" is-config="true" duration-ms="0" started-at="2015-10-23T22:18:51Z" finished-at="2015-10-23T22:18:51Z">
        </test-method>
        <test-method status="PASS" signature="afterSuite()" name="afterSuite" is-config="true" duration-ms="0" started-at="2015-10-23T22:18:51Z" finished-at="2015-10-23T22:18:51Z">
        </test-method>
      </class>
    </test>
  </suite>
</testng-results>
